# JRE version: 7.0_13-b20
# Java VM: Java HotSpot(TM) 64-Bit Server VM (23.7-b01 mixed mode bsd-amd64 compressed oops)
Heap
 PSYoungGen      total 41664K, used 6960K [0x0000000123e90000, 0x0000000128f50000, 0x000000012e530000)
  eden space 38400K, 9% used [0x0000000123e90000,0x00000001242316b8,0x0000000126410000)
  from space 3264K, 99% used [0x0000000126550000,0x000000012687a9e8,0x0000000126880000)
  to   space 7616K, 0% used [0x00000001287e0000,0x00000001287e0000,0x0000000128f50000)
 ParOldGen       total 52736K, used 10917K [0x000000010f130000, 0x00000001124b0000, 0x0000000123e90000)
  object space 52736K, 20% used [0x000000010f130000,0x000000010fbd96d8,0x00000001124b0000)
 PSPermGen       total 26432K, used 26257K [0x0000000109f30000, 0x000000010b900000, 0x000000010f130000)
  object space 26432K, 99% used [0x0000000109f30000,0x000000010b8d4740,0x000000010b900000)
GC Heap History (10 events):
Event: 0.959 GC heap before
{Heap before GC invocations=1 (full 0):
 PSYoungGen      total 23104K, used 19840K [0x0000000123e90000, 0x0000000125850000, 0x000000012e530000)
  eden space 19840K, 100% used [0x0000000123e90000,0x00000001251f0000,0x00000001251f0000)
  from space 3264K, 0% used [0x0000000125520000,0x0000000125520000,0x0000000125850000)
  to   space 3264K, 0% used [0x00000001251f0000,0x00000001251f0000,0x0000000125520000)
 ParOldGen       total 52736K, used 0K [0x000000010f130000, 0x00000001124b0000, 0x0000000123e90000)
  object space 52736K, 0% used [0x000000010f130000,0x000000010f130000,0x00000001124b0000)
 PSPermGen       total 21248K, used 18548K [0x0000000109f30000, 0x000000010b3f0000, 0x000000010f130000)
  object space 21248K, 87% used [0x0000000109f30000,0x000000010b14d3b0,0x000000010b3f0000)
Event: 0.972 GC heap after
Heap after GC invocations=1 (full 0):
 PSYoungGen      total 23104K, used 3255K [0x0000000123e90000, 0x0000000126bb0000, 0x000000012e530000)
  eden space 19840K, 0% used [0x0000000123e90000,0x0000000123e90000,0x00000001251f0000)
  from space 3264K, 99% used [0x00000001251f0000,0x000000012551df08,0x0000000125520000)
  to   space 3264K, 0% used [0x0000000126880000,0x0000000126880000,0x0000000126bb0000)
 ParOldGen       total 52736K, used 2547K [0x000000010f130000, 0x00000001124b0000, 0x0000000123e90000)
  object space 52736K, 4% used [0x000000010f130000,0x000000010f3acf28,0x00000001124b0000)
 PSPermGen       total 21248K, used 18548K [0x0000000109f30000, 0x000000010b3f0000, 0x000000010f130000)
  object space 21248K, 87% used [0x0000000109f30000,0x000000010b14d3b0,0x000000010b3f0000)
}
Event: 2.097 GC heap before
{Heap before GC invocations=2 (full 0):
 PSYoungGen      total 23104K, used 23095K [0x0000000123e90000, 0x0000000126bb0000, 0x000000012e530000)
  eden space 19840K, 100% used [0x0000000123e90000,0x00000001251f0000,0x00000001251f0000)
  from space 3264K, 99% used [0x00000001251f0000,0x000000012551df08,0x0000000125520000)
  to   space 3264K, 0% used [0x0000000126880000,0x0000000126880000,0x0000000126bb0000)
 ParOldGen       total 52736K, used 2547K [0x000000010f130000, 0x00000001124b0000, 0x0000000123e90000)
  object space 52736K, 4% used [0x000000010f130000,0x000000010f3acf28,0x00000001124b0000)
 PSPermGen       total 24704K, used 24547K [0x0000000109f30000, 0x000000010b750000, 0x000000010f130000)
  object space 24704K, 99% used [0x0000000109f30000,0x000000010b728da0,0x000000010b750000)
Event: 2.112 GC heap after
Heap after GC invocations=2 (full 0):
 PSYoungGen      total 42944K, used 3258K [0x0000000123e90000, 0x0000000126bb0000, 0x000000012e530000)
  eden space 39680K, 0% used [0x0000000123e90000,0x0000000123e90000,0x0000000126550000)
  from space 3264K, 99% used [0x0000000126880000,0x0000000126bae9d8,0x0000000126bb0000)
  to   space 3264K, 0% used [0x0000000126550000,0x0000000126550000,0x0000000126880000)
 ParOldGen       total 52736K, used 6242K [0x000000010f130000, 0x00000001124b0000, 0x0000000123e90000)
  object space 52736K, 11% used [0x000000010f130000,0x000000010f748940,0x00000001124b0000)
 PSPermGen       total 24704K, used 24547K [0x0000000109f30000, 0x000000010b750000, 0x000000010f130000)
  object space 24704K, 99% used [0x0000000109f30000,0x000000010b728da0,0x000000010b750000)
}
Event: 8.271 GC heap before
{Heap before GC invocations=3 (full 0):
 PSYoungGen      total 42944K, used 42938K [0x0000000123e90000, 0x0000000126bb0000, 0x000000012e530000)
  eden space 39680K, 100% used [0x0000000123e90000,0x0000000126550000,0x0000000126550000)
  from space 3264K, 99% used [0x0000000126880000,0x0000000126bae9d8,0x0000000126bb0000)
  to   space 3264K, 0% used [0x0000000126550000,0x0000000126550000,0x0000000126880000)
 ParOldGen       total 52736K, used 6242K [0x000000010f130000, 0x00000001124b0000, 0x0000000123e90000)
  object space 52736K, 11% used [0x000000010f130000,0x000000010f748940,0x00000001124b0000)
 PSPermGen       total 26240K, used 26111K [0x0000000109f30000, 0x000000010b8d0000, 0x000000010f130000)
  object space 26240K, 99% used [0x0000000109f30000,0x000000010b8afcb0,0x000000010b8d0000)
Event: 8.297 GC heap after
Heap after GC invocations=3 (full 0):
 PSYoungGen      total 42944K, used 3258K [0x0000000123e90000, 0x0000000129270000, 0x000000012e530000)
  eden space 39680K, 0% used [0x0000000123e90000,0x0000000123e90000,0x0000000126550000)
  from space 3264K, 99% used [0x0000000126550000,0x000000012687e9f8,0x0000000126880000)
  to   space 3264K, 0% used [0x0000000128f40000,0x0000000128f40000,0x0000000129270000)
 ParOldGen       total 52736K, used 8951K [0x000000010f130000, 0x00000001124b0000, 0x0000000123e90000)
  object space 52736K, 16% used [0x000000010f130000,0x000000010f9edcd8,0x00000001124b0000)
 PSPermGen       total 26240K, used 26111K [0x0000000109f30000, 0x000000010b8d0000, 0x000000010f130000)
  object space 26240K, 99% used [0x0000000109f30000,0x000000010b8afcb0,0x000000010b8d0000)
}
Event: 34.105 GC heap before
{Heap before GC invocations=4 (full 0):
 PSYoungGen      total 42944K, used 42938K [0x0000000123e90000, 0x0000000129270000, 0x000000012e530000)
  eden space 39680K, 100% used [0x0000000123e90000,0x0000000126550000,0x0000000126550000)
  from space 3264K, 99% used [0x0000000126550000,0x000000012687e9f8,0x0000000126880000)
  to   space 3264K, 0% used [0x0000000128f40000,0x0000000128f40000,0x0000000129270000)
 ParOldGen       total 52736K, used 8951K [0x000000010f130000, 0x00000001124b0000, 0x0000000123e90000)
  object space 52736K, 16% used [0x000000010f130000,0x000000010f9edcd8,0x00000001124b0000)
 PSPermGen       total 26240K, used 26182K [0x0000000109f30000, 0x000000010b8d0000, 0x000000010f130000)
  object space 26240K, 99% used [0x0000000109f30000,0x000000010b8c1bd0,0x000000010b8d0000)
Event: 34.126 GC heap after
Heap after GC invocations=4 (full 0):
 PSYoungGen      total 42944K, used 3242K [0x0000000123e90000, 0x0000000129270000, 0x000000012e530000)
  eden space 39680K, 0% used [0x0000000123e90000,0x0000000123e90000,0x0000000126550000)
  from space 3264K, 99% used [0x0000000128f40000,0x000000012926a9e8,0x0000000129270000)
  to   space 3264K, 0% used [0x0000000126550000,0x0000000126550000,0x0000000126880000)
 ParOldGen       total 52736K, used 9759K [0x000000010f130000, 0x00000001124b0000, 0x0000000123e90000)
  object space 52736K, 18% used [0x000000010f130000,0x000000010fab7f88,0x00000001124b0000)
 PSPermGen       total 26240K, used 26182K [0x0000000109f30000, 0x000000010b8d0000, 0x000000010f130000)
  object space 26240K, 99% used [0x0000000109f30000,0x000000010b8c1bd0,0x000000010b8d0000)
}
Event: 59.091 GC heap before
{Heap before GC invocations=5 (full 0):
 PSYoungGen      total 42944K, used 42922K [0x0000000123e90000, 0x0000000129270000, 0x000000012e530000)
  eden space 39680K, 100% used [0x0000000123e90000,0x0000000126550000,0x0000000126550000)
  from space 3264K, 99% used [0x0000000128f40000,0x000000012926a9e8,0x0000000129270000)
  to   space 3264K, 0% used [0x0000000126550000,0x0000000126550000,0x0000000126880000)
 ParOldGen       total 52736K, used 9759K [0x000000010f130000, 0x00000001124b0000, 0x0000000123e90000)
  object space 52736K, 18% used [0x000000010f130000,0x000000010fab7f88,0x00000001124b0000)
 PSPermGen       total 26432K, used 26251K [0x0000000109f30000, 0x000000010b900000, 0x000000010f130000)
  object space 26432K, 99% used [0x0000000109f30000,0x000000010b8d2d98,0x000000010b900000)
Event: 59.114 GC heap after
Heap after GC invocations=5 (full 0):
 PSYoungGen      total 41664K, used 3242K [0x0000000123e90000, 0x0000000128f50000, 0x000000012e530000)
  eden space 38400K, 0% used [0x0000000123e90000,0x0000000123e90000,0x0000000126410000)
  from space 3264K, 99% used [0x0000000126550000,0x000000012687a9e8,0x0000000126880000)
  to   space 7616K, 0% used [0x00000001287e0000,0x00000001287e0000,0x0000000128f50000)
 ParOldGen       total 52736K, used 10917K [0x000000010f130000, 0x00000001124b0000, 0x0000000123e90000)
  object space 52736K, 20% used [0x000000010f130000,0x000000010fbd96d8,0x00000001124b0000)
 PSPermGen       total 26432K, used 26251K [0x0000000109f30000, 0x000000010b900000, 0x000000010f130000)
  object space 26432K, 99% used [0x0000000109f30000,0x000000010b8d2d98,0x000000010b900000)
}

